<?xml version="1.0" encoding="UTF-8"?>
<!-- Generated by org.testng.reporters.JUnitReportReporter -->
<testsuite hostname="PF35MDF0" failures="0" tests="10" name="Runners.TestRunner" time="73.350" errors="0" timestamp="2024-07-24T09:45:49 CEST" skipped="0">
  <testcase classname="Runners.TestRunner" name="runScenario" time="6.590"/>
  <system-out/>
  <testcase classname="Runners.TestRunner" name="runScenario" time="5.865"/>
  <system-out/>
  <testcase classname="Runners.TestRunner" name="runScenario" time="6.277"/>
  <system-out/>
  <testcase classname="Runners.TestRunner" name="runScenario" time="7.643"/>
  <system-out/>
  <testcase classname="Runners.TestRunner" name="runScenario" time="7.659"/>
  <system-out/>
  <testcase classname="Runners.TestRunner" name="runScenario" time="7.027"/>
  <system-out/>
  <testcase classname="Runners.TestRunner" name="runScenario" time="7.202"/>
  <system-out/>
  <testcase classname="Runners.TestRunner" name="runScenario" time="11.751"/>
  <system-out/>
  <testcase classname="Runners.TestRunner" name="runScenario" time="7.179"/>
  <system-out/>
  <testcase classname="Runners.TestRunner" name="runScenario" time="6.157"/>
  <system-out/>
</testsuite> <!-- Runners.TestRunner -->
