<?xml version="1.0" encoding="UTF-8"?>
<!-- Generated by org.testng.reporters.JUnitReportReporter -->
<testsuite hostname="PF35MDF0" failures="0" tests="10" name="Runners.TestRunner" time="69.772" errors="0" timestamp="2024-07-22T13:41:46 CEST" skipped="0">
  <testcase classname="Runners.TestRunner" name="runScenario" time="5.164"/>
  <system-out/>
  <testcase classname="Runners.TestRunner" name="runScenario" time="5.230"/>
  <system-out/>
  <testcase classname="Runners.TestRunner" name="runScenario" time="5.132"/>
  <system-out/>
  <testcase classname="Runners.TestRunner" name="runScenario" time="5.015"/>
  <system-out/>
  <testcase classname="Runners.TestRunner" name="runScenario" time="23.459"/>
  <system-out/>
  <testcase classname="Runners.TestRunner" name="runScenario" time="5.057"/>
  <system-out/>
  <testcase classname="Runners.TestRunner" name="runScenario" time="5.318"/>
  <system-out/>
  <testcase classname="Runners.TestRunner" name="runScenario" time="5.429"/>
  <system-out/>
  <testcase classname="Runners.TestRunner" name="runScenario" time="4.940"/>
  <system-out/>
  <testcase classname="Runners.TestRunner" name="runScenario" time="5.028"/>
  <system-out/>
</testsuite> <!-- Runners.TestRunner -->
