<?xml version="1.0" encoding="UTF-8"?>
<testsuite xmlns:xsi="http://www.w3.org/2001/XMLSchema-instance" xsi:noNamespaceSchemaLocation="https://maven.apache.org/surefire/maven-surefire-plugin/xsd/surefire-test-report.xsd" name="JenkinsDemo_Selenium.AppTest" time="0.035" tests="1" errors="0" skipped="0" failures="0">
  <properties>
    <property name="java.specification.version" value="21"/>
    <property name="sun.cpu.isalist" value="amd64"/>
    <property name="sun.jnu.encoding" value="Cp1252"/>
    <property name="java.class.path" value="C:\Users\jbaeten\source\repos\JenkinsDemo\JenkinsDemo_Selenium\target\test-classes;C:\Users\jbaeten\source\repos\JenkinsDemo\JenkinsDemo_Selenium\target\classes;C:\Users\jbaeten\.m2\repository\junit\junit\4.11\junit-4.11.jar;C:\Users\jbaeten\.m2\repository\org\hamcrest\hamcrest-core\1.3\hamcrest-core-1.3.jar;"/>
    <property name="java.vm.vendor" value="Oracle Corporation"/>
    <property name="sun.arch.data.model" value="64"/>
    <property name="user.variant" value=""/>
    <property name="java.vendor.url" value="https://java.oracle.com/"/>
    <property name="user.timezone" value="Europe/Brussels"/>
    <property name="user.country.format" value="BE"/>
    <property name="os.name" value="Windows 10"/>
    <property name="java.vm.specification.version" value="21"/>
    <property name="sun.java.launcher" value="SUN_STANDARD"/>
    <property name="user.country" value="GB"/>
    <property name="sun.boot.library.path" value="C:\Program Files\Java\jdk-21\bin"/>
    <property name="sun.java.command" value="C:\Users\jbaeten\AppData\Local\Temp\surefire14522786328482536422\surefirebooter135505377624721962.jar C:\Users\jbaeten\AppData\Local\Temp\surefire14522786328482536422 2024-07-22T08-23-31_755-jvmRun1 surefire7083029907189012311tmp surefire_03961621241611513797tmp"/>
    <property name="jdk.debug" value="release"/>
    <property name="surefire.test.class.path" value="C:\Users\jbaeten\source\repos\JenkinsDemo\JenkinsDemo_Selenium\target\test-classes;C:\Users\jbaeten\source\repos\JenkinsDemo\JenkinsDemo_Selenium\target\classes;C:\Users\jbaeten\.m2\repository\junit\junit\4.11\junit-4.11.jar;C:\Users\jbaeten\.m2\repository\org\hamcrest\hamcrest-core\1.3\hamcrest-core-1.3.jar;"/>
    <property name="sun.cpu.endian" value="little"/>
    <property name="user.home" value="C:\Users\jbaeten"/>
    <property name="user.language" value="en"/>
    <property name="java.specification.vendor" value="Oracle Corporation"/>
    <property name="java.version.date" value="2024-04-16"/>
    <property name="java.home" value="C:\Program Files\Java\jdk-21"/>
    <property name="file.separator" value="\"/>
    <property name="basedir" value="C:\Users\jbaeten\source\repos\JenkinsDemo\JenkinsDemo_Selenium"/>
    <property name="java.vm.compressedOopsMode" value="Zero based"/>
    <property name="line.separator" value="&#10;"/>
    <property name="java.vm.specification.vendor" value="Oracle Corporation"/>
    <property name="java.specification.name" value="Java Platform API Specification"/>
    <property name="surefire.real.class.path" value="C:\Users\jbaeten\AppData\Local\Temp\surefire14522786328482536422\surefirebooter135505377624721962.jar"/>
    <property name="user.script" value=""/>
    <property name="sun.management.compiler" value="HotSpot 64-Bit Tiered Compilers"/>
    <property name="java.runtime.version" value="21.0.3+7-LTS-152"/>
    <property name="user.name" value="jbaeten"/>
    <property name="stdout.encoding" value="Cp1252"/>
    <property name="path.separator" value=";"/>
    <property name="os.version" value="10.0"/>
    <property name="java.runtime.name" value="Java(TM) SE Runtime Environment"/>
    <property name="file.encoding" value="UTF-8"/>
    <property name="java.vm.name" value="Java HotSpot(TM) 64-Bit Server VM"/>
    <property name="localRepository" value="C:\Users\jbaeten\.m2\repository"/>
    <property name="java.vendor.url.bug" value="https://bugreport.java.com/bugreport/"/>
    <property name="java.io.tmpdir" value="C:\Users\jbaeten\AppData\Local\Temp\"/>
    <property name="java.version" value="21.0.3"/>
    <property name="user.dir" value="C:\Users\jbaeten\source\repos\JenkinsDemo\JenkinsDemo_Selenium"/>
    <property name="os.arch" value="amd64"/>
    <property name="java.vm.specification.name" value="Java Virtual Machine Specification"/>
    <property name="user.language.format" value="nl"/>
    <property name="sun.os.patch.level" value=""/>
    <property name="native.encoding" value="Cp1252"/>
    <property name="java.library.path" value="C:\Program Files\Java\jdk-21\bin;C:\Windows\Sun\Java\bin;C:\Windows\system32;C:\Windows;C:\Program Files\Common Files\Oracle\Java\javapath;C:\Program Files (x86)\Common Files\Oracle\Java\java8path;C:\Program Files (x86)\Common Files\Oracle\Java\javapath;C:\Windows\system32;C:\Windows;C:\Windows\System32\Wbem;C:\Windows\System32\WindowsPowerShell\v1.0\;C:\Windows\System32\OpenSSH\;C:\Program Files (x86)\CheckPoint\Endpoint Security\Endpoint Common\bin;C:\Program Files\Microsoft SQL Server\Client SDK\ODBC\170\Tools\Binn\;C:\Program Files\Microsoft SQL Server\150\Tools\Binn\;C:\Program Files\dotnet\;C:\Program Files\Git\cmd;C:\Program Files\nodejs\;C:\ProgramData\chocolatey\bin;C:\Program Files\Kubernetes\Minikube;C:\Program Files\Docker\Docker\resources\bin;C:\Program Files\Java\jdk-21;C:\Users\jbaeten\AppData\Local\Programs\Python\Python312-32\Scripts\;C:\Users\jbaeten\AppData\Local\Programs\Python\Python312-32\;C:\Users\jbaeten\AppData\Local\Programs\Python\Python312\Scripts\;C:\Users\jbaeten\AppData\Local\Programs\Python\Python312\;C:\Users\jbaeten\AppData\Local\Programs\Python\Launcher\;C:\Program Files\MySQL\MySQL Shell 8.0\bin\;C:\Users\jbaeten\AppData\Local\Microsoft\WindowsApps;C:\Users\jbaeten\AppData\Local\Programs\Microsoft VS Code\bin;C:\Users\jbaeten\.dotnet\tools;C:\Users\jbaeten\AppData\Local\Programs\Azure Data Studio\bin;C:\Users\jbaeten\AppData\Roaming\npm;C:\Program Files\Kubernetes\Minikube;C:\Users\jbaeten\OneDrive - CTG\Documents\apache-maven-3.9.8-bin\apache-maven-3.9.8\bin;C:\Users\jbaeten\OneDrive - CTG\Documents\apache-tomcat-9.0.91-windows-x64\apache-tomcat-9.0.91\bin;;."/>
    <property name="java.vm.info" value="mixed mode, sharing"/>
    <property name="stderr.encoding" value="Cp1252"/>
    <property name="java.vendor" value="Oracle Corporation"/>
    <property name="java.vm.version" value="21.0.3+7-LTS-152"/>
    <property name="sun.io.unicode.encoding" value="UnicodeLittle"/>
    <property name="java.class.version" value="65.0"/>
  </properties>
  <testcase name="shouldAnswerWithTrue" classname="JenkinsDemo_Selenium.AppTest" time="0.004"/>
</testsuite>